
2024-06-04 21:32:33,492 p=13076 u=lixun n=ansible | 47.121.139.55 | CHANGED | rc=0 >>
USER       PID %CPU %MEM    VSZ   RSS TTY      STAT START   TIME COMMAND
root         1  0.0  0.2 125628  4088 ?        Ss   20:48   0:01 /usr/lib/systemd/systemd --switched-root --system --deserialize 22
root         2  0.0  0.0      0     0 ?        S    20:48   0:00 [kthreadd]
root         4  0.0  0.0      0     0 ?        S<   20:48   0:00 [kworker/0:0H]
root         5  0.0  0.0      0     0 ?        S    20:48   0:00 [kworker/u4:0]
root         6  0.0  0.0      0     0 ?        S    20:48   0:00 [ksoftirqd/0]
root         7  0.0  0.0      0     0 ?        S    20:48   0:00 [migration/0]
root         8  0.0  0.0      0     0 ?        S    20:48   0:00 [rcu_bh]
root         9  0.0  0.0      0     0 ?        S    20:48   0:01 [rcu_sched]
root        10  0.0  0.0      0     0 ?        S<   20:48   0:00 [lru-add-drain]
root        11  0.0  0.0      0     0 ?        S    20:48   0:00 [watchdog/0]
root        12  0.0  0.0      0     0 ?        S    20:48   0:00 [watchdog/1]
root        13  0.0  0.0      0     0 ?        S    20:48   0:00 [migration/1]
root        14  0.0  0.0      0     0 ?        S    20:48   0:00 [ksoftirqd/1]
root        16  0.0  0.0      0     0 ?        S<   20:48   0:00 [kworker/1:0H]
root        18  0.0  0.0      0     0 ?        S    20:48   0:00 [kdevtmpfs]
root        19  0.0  0.0      0     0 ?        S<   20:48   0:00 [netns]
root        20  0.0  0.0      0     0 ?        S    20:48   0:00 [khungtaskd]
root        21  0.0  0.0      0     0 ?        S<   20:48   0:00 [writeback]
root        22  0.0  0.0      0     0 ?        S<   20:48   0:00 [kintegrityd]
root        23  0.0  0.0      0     0 ?        S<   20:48   0:00 [bioset]
root        24  0.0  0.0      0     0 ?        S<   20:48   0:00 [bioset]
root        25  0.0  0.0      0     0 ?        S<   20:48   0:00 [bioset]
root        26  0.0  0.0      0     0 ?        S<   20:48   0:00 [kblockd]
root        27  0.0  0.0      0     0 ?        S<   20:48   0:00 [md]
root        28  0.0  0.0      0     0 ?        S<   20:48   0:00 [edac-poller]
root        29  0.0  0.0      0     0 ?        S<   20:48   0:00 [watchdogd]
root        31  0.0  0.0      0     0 ?        S    20:48   0:00 [kworker/1:1]
root        36  0.0  0.0      0     0 ?        S    20:48   0:00 [kswapd0]
root        37  0.0  0.0      0     0 ?        SN   20:48   0:00 [ksmd]
root        38  0.0  0.0      0     0 ?        SN   20:48   0:00 [khugepaged]
root        39  0.0  0.0      0     0 ?        S<   20:48   0:00 [crypto]
root        47  0.0  0.0      0     0 ?        S<   20:48   0:00 [kthrotld]
root        48  0.0  0.0      0     0 ?        S    20:48   0:00 [kworker/u4:1]
root        49  0.0  0.0      0     0 ?        S<   20:48   0:00 [kmpath_rdacd]
root        50  0.0  0.0      0     0 ?        S<   20:48   0:00 [kaluad]
root        51  0.0  0.0      0     0 ?        S<   20:48   0:00 [kpsmoused]
root        52  0.0  0.0      0     0 ?        S<   20:48   0:00 [ipv6_addrconf]
root        65  0.0  0.0      0     0 ?        S<   20:48   0:00 [deferwq]
root       100  0.0  0.0      0     0 ?        S    20:48   0:00 [kauditd]
root       101  0.0  0.0      0     0 ?        S    20:48   0:00 [kworker/1:2]
root       240  0.0  0.0      0     0 ?        S<   20:48   0:00 [ata_sff]
root       242  0.0  0.0      0     0 ?        S    20:48   0:00 [scsi_eh_0]
root       245  0.0  0.0      0     0 ?        S<   20:48   0:00 [scsi_tmf_0]
root       246  0.0  0.0      0     0 ?        S    20:48   0:00 [scsi_eh_1]
root       247  0.0  0.0      0     0 ?        S<   20:48   0:00 [scsi_tmf_1]
root       250  0.0  0.0      0     0 ?        S<   20:48   0:00 [ttm_swap]
root       252  0.0  0.0      0     0 ?        S<   20:48   0:00 [kworker/1:1H]
root       261  0.0  0.0      0     0 ?        S<   20:48   0:00 [kworker/0:1H]
root       268  0.0  0.0      0     0 ?        S    20:48   0:00 [jbd2/vda1-8]
root       269  0.0  0.0      0     0 ?        S<   20:48   0:00 [ext4-rsv-conver]
root       366  0.0  0.4  40180  7268 ?        Ss   20:48   0:01 /usr/lib/systemd/systemd-journald
root       388  0.0  0.0      0     0 ?        S    20:48   0:00 [kworker/0:2]
root       389  0.0  0.1  45368  1868 ?        Ss   20:48   0:00 /usr/lib/systemd/systemd-udevd
root       433  0.0  0.0  55532   860 ?        S<sl 20:48   0:00 /sbin/auditd
root       496  0.0  0.0      0     0 ?        S<   20:48   0:00 [rpciod]
root       499  0.0  0.0      0     0 ?        S<   20:48   0:00 [xprtiod]
root       520  0.0  0.0      0     0 ?        S<   20:48   0:00 [nfit]
dbus       542  0.0  0.1  58092  2380 ?        Ss   20:48   0:00 /usr/bin/dbus-daemon --system --address=systemd: --nofork --nopidfile --systemd-activation
rpc        543  0.0  0.0  69256  1008 ?        Ss   20:48   0:00 /sbin/rpcbind -w
root       544  0.0  0.1  19420  2836 ?        Ssl  20:48   0:00 /usr/local/share/assist-daemon/assist_daemon
polkitd    547  0.0  0.7 612340 14284 ?        Ssl  20:48   0:00 /usr/lib/polkit-1/polkitd --no-debug
root       548  0.0  0.1  26612  1980 ?        Ss   20:48   0:00 /usr/lib/systemd/systemd-logind
chrony     562  0.0  0.1 117932  1884 ?        S    20:48   0:00 /usr/sbin/chronyd
root       563  0.0  0.0 195208  1248 ?        Ssl  20:48   0:00 /usr/sbin/gssproxy -D
root       805  0.0  0.1 103008  2380 ?        Ss   20:48   0:00 /sbin/dhclient -1 -q -lf /var/lib/dhclient/dhclient--eth0.lease -pf /var/run/dhclient-eth0.pid -H iZf8z9dpfg79q2gk54o8cvZ eth0
root       874  0.0  1.0 574288 19512 ?        Ssl  20:48   0:00 /usr/bin/python2 -Es /usr/sbin/tuned -l -P
root      1084  0.0  0.1  89808  2132 ?        Ss   20:48   0:00 /usr/libexec/postfix/master -w
postfix   1085  0.0  0.2  89912  4096 ?        S    20:48   0:00 pickup -l -t unix -u
postfix   1086  0.0  0.2  89980  4120 ?        S    20:48   0:00 qmgr -l -t unix -u
root      1212  0.0  0.4 226720  8064 ?        Ssl  20:48   0:00 /usr/sbin/rsyslogd -n
root      1215  0.1  0.9 689580 17952 ?        Ssl  20:48   0:03 /usr/local/share/aliyun-assist/2.2.3.601/aliyun-service
root      1219  0.0  0.0 126388  1616 ?        Ss   20:48   0:00 /usr/sbin/crond -n
root      1222  0.0  0.0  25908   956 ?        Ss   20:48   0:00 /usr/sbin/atd -f
root      1226  0.0  0.0 110208   860 tty1     Ss+  20:48   0:00 /sbin/agetty --noclear tty1 linux
root      1227  0.0  0.0 110208   872 ttyS0    Ss+  20:48   0:00 /sbin/agetty --keep-baud 115200,38400,9600 ttyS0 vt220
root      1294  0.0  0.2  62200  4896 ?        S<sl 20:48   0:02 /usr/local/aegis/aegis_update/AliYunDunUpdate
root      1358  0.3  0.4 113180  8932 ?        S<sl 20:49   0:09 /usr/local/aegis/aegis_client/aegis_11_83/AliYunDun
root      1369  1.4  1.4 152504 26908 ?        S<sl 20:49   0:37 /usr/local/aegis/aegis_client/aegis_11_83/AliYunDunMonitor
root      1498  0.0  0.2 113004  4340 ?        Ss   20:51   0:00 /usr/sbin/sshd -D
root      1543  0.0  0.3 157560  6076 ?        Ss   20:51   0:00 sshd: root@pts/0
root      1545  0.0  0.1 116072  2608 pts/0    Ss+  20:51   0:00 -bash
root      1669  0.0  0.0 125488  1132 ?        Ss   21:01   0:00 /usr/sbin/anacron -s
root      8079  0.0  0.2 230448  5220 ?        Ss   21:29   0:00 /usr/sbin/httpd -DFOREGROUND
apache    8080  0.0  0.1 230448  2992 ?        S    21:29   0:00 /usr/sbin/httpd -DFOREGROUND
apache    8081  0.0  0.1 230448  2992 ?        S    21:29   0:00 /usr/sbin/httpd -DFOREGROUND
apache    8082  0.0  0.1 230448  2992 ?        S    21:29   0:00 /usr/sbin/httpd -DFOREGROUND
apache    8083  0.0  0.1 230448  2992 ?        S    21:29   0:00 /usr/sbin/httpd -DFOREGROUND
apache    8084  0.0  0.1 230448  2992 ?        S    21:29   0:00 /usr/sbin/httpd -DFOREGROUND
root      8229  0.2  0.3 155104  5828 ?        Ss   21:32   0:00 sshd: root@pts/1
root      8275  0.0  0.0 113284  1208 pts/1    Ss+  21:32   0:00 /bin/sh -c /usr/bin/python /root/.ansible/tmp/ansible-tmp-1717507945.690604-13078-72004312808095/AnsiballZ_command.py && sleep 0
root      8286 10.0  0.7 215456 12988 pts/1    S+   21:32   0:00 /usr/bin/python /root/.ansible/tmp/ansible-tmp-1717507945.690604-13078-72004312808095/AnsiballZ_command.py
root      8287  0.0  0.1 155452  1880 pts/1    R+   21:32   0:00 ps -aux
root     12942  0.0  0.0      0     0 ?        S    21:23   0:00 [kworker/0:0]

2024-06-04 21:38:24,162 p=13290 u=lixun n=ansible |   hosts (1):
2024-06-04 21:38:24,162 p=13290 u=lixun n=ansible |     47.121.139.55
2024-06-04 21:40:34,362 p=13369 u=lixun n=ansible | playbook: httpd_init.yaml
2024-06-04 21:40:34,362 p=13369 u=lixun n=ansible |   play #1 (me): me	TAGS: []
    pattern: ['me']
    hosts (1):
      47.121.139.55
2024-06-04 21:40:38,440 p=13410 u=lixun n=ansible | playbook: httpd_init.yaml
2024-06-04 21:40:38,440 p=13410 u=lixun n=ansible |   play #1 (me): me	TAGS: []
2024-06-04 21:40:38,440 p=13410 u=lixun n=ansible |     tasks:
      create new file	TAGS: []
      create new user	TAGS: []
      install package	TAGS: []
      start service	TAGS: []

2024-06-04 21:40:47,143 p=13472 u=lixun n=ansible | playbook: httpd_init.yaml
2024-06-04 21:40:47,143 p=13472 u=lixun n=ansible |   play #1 (me): me	TAGS: []
2024-06-04 21:40:47,143 p=13472 u=lixun n=ansible |     tasks:
      create new file	TAGS: []
      create new user	TAGS: []
      install package	TAGS: []
      start service	TAGS: []

2024-06-04 21:47:33,606 p=13593 u=lixun n=ansible | Starting galaxy role install process
2024-06-04 21:47:34,782 p=13593 u=lixun n=ansible | - downloading role 'cgroups-limits', owned by alet
2024-06-04 21:47:38,032 p=13593 u=lixun n=ansible | - downloading role from https://github.com/alet/cgroups-limits/archive/master.tar.gz
2024-06-04 21:47:41,095 p=13593 u=lixun n=ansible | - extracting alet.cgroups-limits to /Users/lixun/.ansible/roles/alet.cgroups-limits
2024-06-04 21:47:41,107 p=13593 u=lixun n=ansible | - alet.cgroups-limits (master) was installed successfully
2024-06-04 21:48:24,250 p=13651 u=lixun n=ansible | [WARNING]: cgroup was not found

2024-06-04 21:48:36,522 p=13705 u=lixun n=ansible | [WARNING]: alet.cgroups was not found

2024-06-04 21:48:40,380 p=13743 u=lixun n=ansible | [WARNING]: alet.cgroups-limits was not found

2024-06-04 21:48:55,074 p=13788 u=lixun n=ansible | [WARNING]: alet.cgroups-limits was not found

2024-06-05 08:14:01,006 p=16454 u=lixun n=ansible | ERROR! Missing name(s), incorrect options passed for detailed documentation.
2024-06-06 19:49:11,859 p=22527 u=lixun n=ansible | 47.121.139.55 | CHANGED | rc=0 | (stdout) lixunCentos
2024-06-06 19:49:21,285 p=22559 u=lixun n=ansible | 47.121.139.55 | CHANGED | rc=0 | (stdout) lixunCentos
2024-06-06 19:58:56,578 p=22871 u=lixun n=ansible | 47.121.139.55 | CHANGED => {
    "ansible_facts": {
        "discovered_interpreter_python": "/usr/bin/python"
    },
    "changed": true,
    "checksum": "fdb1090d44c1980958ec96d3e2066b9a73bfda32",
    "dest": "/Users/lixun/ansible/httpd.conf",
    "gid": 0,
    "group": "root",
    "md5sum": "f5e7449c0f17bc856e86011cb5d152ba",
    "mode": "0644",
    "owner": "root",
    "size": 11753,
    "src": "/etc/httpd/conf/httpd.conf",
    "state": "file",
    "uid": 0
}
2024-06-06 20:00:14,486 p=22988 u=lixun n=ansible | 47.121.139.55 | SUCCESS => {
    "ansible_facts": {
        "discovered_interpreter_python": "/usr/bin/python"
    },
    "changed": false,
    "checksum": "fdb1090d44c1980958ec96d3e2066b9a73bfda32",
    "dest": "/Users/lixun/ansible/httpd.conf",
    "gid": 0,
    "group": "root",
    "md5sum": "f5e7449c0f17bc856e86011cb5d152ba",
    "mode": "0644",
    "owner": "root",
    "size": 11753,
    "src": "/etc/httpd/conf/httpd.conf",
    "state": "file",
    "uid": 0
}
2024-06-06 20:01:35,777 p=23084 u=lixun n=ansible | 47.121.139.55 | CHANGED => {
    "ansible_facts": {
        "discovered_interpreter_python": "/usr/bin/python"
    },
    "changed": true,
    "checksum": "fdb1090d44c1980958ec96d3e2066b9a73bfda32",
    "dest": "/Users/lixun/ansible/httpd.conf_back",
    "gid": 0,
    "group": "root",
    "md5sum": "f5e7449c0f17bc856e86011cb5d152ba",
    "mode": "0644",
    "owner": "root",
    "size": 11753,
    "src": "/etc/httpd/conf/httpd.conf",
    "state": "file",
    "uid": 0
}
2024-06-06 20:07:46,941 p=23572 u=lixun n=ansible | [WARNING]: Could not match supplied host pattern, ignoring: httpd_init.yaml

2024-06-06 20:07:46,941 p=23572 u=lixun n=ansible | [WARNING]: No hosts matched, nothing to do

2024-06-06 20:07:46,943 p=23572 u=lixun n=ansible | ERROR! No argument passed to command module
2024-06-06 20:07:57,118 p=23594 u=lixun n=ansible | PLAY [me] *************************************************************************************************************************************************
2024-06-06 20:07:57,122 p=23594 u=lixun n=ansible | TASK [Gathering Facts] ************************************************************************************************************************************
2024-06-06 20:08:01,103 p=23594 u=lixun n=ansible | ok: [47.121.139.55]
2024-06-06 20:08:01,109 p=23594 u=lixun n=ansible | TASK [install httpd package] ******************************************************************************************************************************
2024-06-06 20:08:02,957 p=23594 u=lixun n=ansible | ok: [47.121.139.55]
2024-06-06 20:08:02,965 p=23594 u=lixun n=ansible | TASK [copy conf file] *************************************************************************************************************************************
2024-06-06 20:08:05,847 p=23594 u=lixun n=ansible | ok: [47.121.139.55]
2024-06-06 20:08:05,855 p=23594 u=lixun n=ansible | TASK [start service] **************************************************************************************************************************************
2024-06-06 20:08:07,713 p=23594 u=lixun n=ansible | ok: [47.121.139.55]
2024-06-06 20:08:07,726 p=23594 u=lixun n=ansible | PLAY RECAP ************************************************************************************************************************************************
2024-06-06 20:08:07,726 p=23594 u=lixun n=ansible | 47.121.139.55              : ok=4    changed=0    unreachable=0    failed=0    skipped=0    rescued=0    ignored=0   
2024-06-06 20:08:29,931 p=23662 u=lixun n=ansible | PLAY [me] *************************************************************************************************************************************************
2024-06-06 20:08:29,935 p=23662 u=lixun n=ansible | TASK [Gathering Facts] ************************************************************************************************************************************
2024-06-06 20:08:33,351 p=23662 u=lixun n=ansible | ok: [47.121.139.55]
2024-06-06 20:08:33,359 p=23662 u=lixun n=ansible | TASK [install httpd package] ******************************************************************************************************************************
2024-06-06 20:08:35,075 p=23662 u=lixun n=ansible | ok: [47.121.139.55]
2024-06-06 20:08:35,084 p=23662 u=lixun n=ansible | TASK [copy conf file] *************************************************************************************************************************************
2024-06-06 20:08:37,946 p=23662 u=lixun n=ansible | ok: [47.121.139.55]
2024-06-06 20:08:37,953 p=23662 u=lixun n=ansible | TASK [start service] **************************************************************************************************************************************
2024-06-06 20:08:40,157 p=23662 u=lixun n=ansible | ok: [47.121.139.55]
2024-06-06 20:08:40,168 p=23662 u=lixun n=ansible | PLAY RECAP ************************************************************************************************************************************************
2024-06-06 20:08:40,168 p=23662 u=lixun n=ansible | 47.121.139.55              : ok=4    changed=0    unreachable=0    failed=0    skipped=0    rescued=0    ignored=0   
2024-06-06 20:09:16,287 p=23759 u=lixun n=ansible | PLAY [me] *************************************************************************************************************************************************
2024-06-06 20:09:16,290 p=23759 u=lixun n=ansible | TASK [Gathering Facts] ************************************************************************************************************************************
2024-06-06 20:09:19,671 p=23759 u=lixun n=ansible | ok: [47.121.139.55]
2024-06-06 20:09:19,680 p=23759 u=lixun n=ansible | TASK [install httpd package] ******************************************************************************************************************************
2024-06-06 20:09:22,771 p=23759 u=lixun n=ansible | ok: [47.121.139.55]
2024-06-06 20:09:22,779 p=23759 u=lixun n=ansible | TASK [copy conf file] *************************************************************************************************************************************
2024-06-06 20:09:26,476 p=23759 u=lixun n=ansible | changed: [47.121.139.55]
2024-06-06 20:09:26,482 p=23759 u=lixun n=ansible | TASK [start service] **************************************************************************************************************************************
2024-06-06 20:09:30,079 p=23759 u=lixun n=ansible | ok: [47.121.139.55]
2024-06-06 20:09:30,090 p=23759 u=lixun n=ansible | RUNNING HANDLER [restart service] *************************************************************************************************************************
2024-06-06 20:09:33,182 p=23759 u=lixun n=ansible | changed: [47.121.139.55]
2024-06-06 20:09:33,191 p=23759 u=lixun n=ansible | PLAY RECAP ************************************************************************************************************************************************
2024-06-06 20:09:33,191 p=23759 u=lixun n=ansible | 47.121.139.55              : ok=5    changed=2    unreachable=0    failed=0    skipped=0    rescued=0    ignored=0   
2024-06-06 20:10:05,703 p=23846 u=lixun n=ansible | 47.121.139.55 | CHANGED | rc=0 >>
USER       PID %CPU %MEM    VSZ   RSS TTY      STAT START   TIME COMMAND
root         1  0.0  0.2 125628  4092 ?        Ss   Jun04   0:08 /usr/lib/systemd/systemd --switched-root --system --deserialize 22
root         2  0.0  0.0      0     0 ?        S    Jun04   0:00 [kthreadd]
root         4  0.0  0.0      0     0 ?        S<   Jun04   0:00 [kworker/0:0H]
root         6  0.0  0.0      0     0 ?        S    Jun04   0:00 [ksoftirqd/0]
root         7  0.0  0.0      0     0 ?        S    Jun04   0:00 [migration/0]
root         8  0.0  0.0      0     0 ?        S    Jun04   0:00 [rcu_bh]
root         9  0.0  0.0      0     0 ?        S    Jun04   0:25 [rcu_sched]
root        10  0.0  0.0      0     0 ?        S<   Jun04   0:00 [lru-add-drain]
root        11  0.0  0.0      0     0 ?        S    Jun04   0:00 [watchdog/0]
root        12  0.0  0.0      0     0 ?        S    Jun04   0:00 [watchdog/1]
root        13  0.0  0.0      0     0 ?        S    Jun04   0:00 [migration/1]
root        14  0.0  0.0      0     0 ?        S    Jun04   0:00 [ksoftirqd/1]
root        16  0.0  0.0      0     0 ?        S<   Jun04   0:00 [kworker/1:0H]
root        18  0.0  0.0      0     0 ?        S    Jun04   0:00 [kdevtmpfs]
root        19  0.0  0.0      0     0 ?        S<   Jun04   0:00 [netns]
root        20  0.0  0.0      0     0 ?        S    Jun04   0:00 [khungtaskd]
root        21  0.0  0.0      0     0 ?        S<   Jun04   0:00 [writeback]
root        22  0.0  0.0      0     0 ?        S<   Jun04   0:00 [kintegrityd]
root        23  0.0  0.0      0     0 ?        S<   Jun04   0:00 [bioset]
root        24  0.0  0.0      0     0 ?        S<   Jun04   0:00 [bioset]
root        25  0.0  0.0      0     0 ?        S<   Jun04   0:00 [bioset]
root        26  0.0  0.0      0     0 ?        S<   Jun04   0:00 [kblockd]
root        27  0.0  0.0      0     0 ?        S<   Jun04   0:00 [md]
root        28  0.0  0.0      0     0 ?        S<   Jun04   0:00 [edac-poller]
root        29  0.0  0.0      0     0 ?        S<   Jun04   0:00 [watchdogd]
root        36  0.0  0.0      0     0 ?        S    Jun04   0:00 [kswapd0]
root        37  0.0  0.0      0     0 ?        SN   Jun04   0:00 [ksmd]
root        38  0.0  0.0      0     0 ?        SN   Jun04   0:00 [khugepaged]
root        39  0.0  0.0      0     0 ?        S<   Jun04   0:00 [crypto]
root        47  0.0  0.0      0     0 ?        S<   Jun04   0:00 [kthrotld]
root        49  0.0  0.0      0     0 ?        S<   Jun04   0:00 [kmpath_rdacd]
root        50  0.0  0.0      0     0 ?        S<   Jun04   0:00 [kaluad]
root        51  0.0  0.0      0     0 ?        S<   Jun04   0:00 [kpsmoused]
root        52  0.0  0.0      0     0 ?        S<   Jun04   0:00 [ipv6_addrconf]
root        65  0.0  0.0      0     0 ?        S<   Jun04   0:00 [deferwq]
root       100  0.0  0.0      0     0 ?        S    Jun04   0:00 [kauditd]
root       240  0.0  0.0      0     0 ?        S<   Jun04   0:00 [ata_sff]
root       242  0.0  0.0      0     0 ?        S    Jun04   0:00 [scsi_eh_0]
root       245  0.0  0.0      0     0 ?        S<   Jun04   0:00 [scsi_tmf_0]
root       246  0.0  0.0      0     0 ?        S    Jun04   0:00 [scsi_eh_1]
root       247  0.0  0.0      0     0 ?        S<   Jun04   0:00 [scsi_tmf_1]
root       250  0.0  0.0      0     0 ?        S<   Jun04   0:00 [ttm_swap]
root       252  0.0  0.0      0     0 ?        S<   Jun04   0:00 [kworker/1:1H]
root       261  0.0  0.0      0     0 ?        S<   Jun04   0:00 [kworker/0:1H]
root       268  0.0  0.0      0     0 ?        S    Jun04   0:00 [jbd2/vda1-8]
root       269  0.0  0.0      0     0 ?        S<   Jun04   0:00 [ext4-rsv-conver]
root       366  0.0  0.4  40180  8724 ?        Ss   Jun04   0:02 /usr/lib/systemd/systemd-journald
root       389  0.0  0.1  45324  1824 ?        Ss   Jun04   0:00 /usr/lib/systemd/systemd-udevd
root       433  0.0  0.0  55532   860 ?        S<sl Jun04   0:00 /sbin/auditd
root       496  0.0  0.0      0     0 ?        S<   Jun04   0:00 [rpciod]
root       499  0.0  0.0      0     0 ?        S<   Jun04   0:00 [xprtiod]
root       520  0.0  0.0      0     0 ?        S<   Jun04   0:00 [nfit]
dbus       542  0.0  0.1  58092  2380 ?        Ss   Jun04   0:06 /usr/bin/dbus-daemon --system --address=systemd: --nofork --nopidfile --systemd-activation
rpc        543  0.0  0.0  69256  1008 ?        Ss   Jun04   0:00 /sbin/rpcbind -w
root       544  0.0  0.1  19420  2868 ?        Ssl  Jun04   0:29 /usr/local/share/assist-daemon/assist_daemon
polkitd    547  0.0  0.8 612340 14396 ?        Ssl  Jun04   0:01 /usr/lib/polkit-1/polkitd --no-debug
root       548  0.0  0.1  26612  1980 ?        Ss   Jun04   0:03 /usr/lib/systemd/systemd-logind
chrony     562  0.0  0.1 117932  1892 ?        S    Jun04   0:00 /usr/sbin/chronyd
root       563  0.0  0.0 195208  1248 ?        Ssl  Jun04   0:00 /usr/sbin/gssproxy -D
root       805  0.0  0.1 103008  2380 ?        Ss   Jun04   0:00 /sbin/dhclient -1 -q -lf /var/lib/dhclient/dhclient--eth0.lease -pf /var/run/dhclient-eth0.pid -H iZf8z9dpfg79q2gk54o8cvZ eth0
root       874  0.0  1.0 574288 19512 ?        Ssl  Jun04   0:14 /usr/bin/python2 -Es /usr/sbin/tuned -l -P
root      1084  0.0  0.1  89808  2224 ?        Ss   Jun04   0:00 /usr/libexec/postfix/master -w
postfix   1086  0.0  0.2  89980  4120 ?        S    Jun04   0:00 qmgr -l -t unix -u
root      1212  0.0  0.5 226720  9396 ?        Ssl  Jun04   0:07 /usr/sbin/rsyslogd -n
root      1215  0.0  0.9 689580 16972 ?        Ssl  Jun04   2:49 /usr/local/share/aliyun-assist/2.2.3.601/aliyun-service
root      1219  0.0  0.0 126388  1616 ?        Ss   Jun04   0:00 /usr/sbin/crond -n
root      1222  0.0  0.0  25908   956 ?        Ss   Jun04   0:00 /usr/sbin/atd -f
root      1226  0.0  0.0 110208   860 tty1     Ss+  Jun04   0:00 /sbin/agetty --noclear tty1 linux
root      1227  0.0  0.0 110208   872 ttyS0    Ss+  Jun04   0:00 /sbin/agetty --keep-baud 115200,38400,9600 ttyS0 vt220
root      1498  0.0  0.2 113004  4340 ?        Ss   Jun04   0:00 /usr/sbin/sshd -D
root     10117  0.0  0.0      0     0 ?        S    Jun05   0:00 [kworker/u4:2]
root     10212  0.0  0.2  62268  5020 ?        S<sl Jun05   0:52 /usr/local/aegis/aegis_update/AliYunDunUpdate
root     10242  0.2  0.5 113128  9700 ?        S<sl Jun05   4:30 /usr/local/aegis/aegis_client/aegis_11_91/AliYunDun
root     10253  0.9  0.8 143460 16088 ?        S<sl Jun05  15:54 /usr/local/aegis/aegis_client/aegis_11_91/AliYunDunMonitor
root     12353  0.0  0.0      0     0 ?        S    15:20   0:00 [kworker/u4:1]
root     12527  0.0  0.0      0     0 ?        S    17:40   0:00 [kworker/1:1]
root     12537  0.0  0.0      0     0 ?        S    17:50   0:00 [kworker/0:2]
root     12649  0.0  0.0      0     0 ?        S    18:40   0:00 [kworker/0:1]
postfix  12714  0.0  0.2  89912  4104 ?        S    19:30   0:00 pickup -l -t unix -u
root     12720  0.0  0.0      0     0 ?        S    19:40   0:00 [kworker/1:2]
root     12869  0.0  0.3 154792  5564 ?        Ss   19:53   0:00 sshd: root@pts/0
root     12871  0.0  0.1 116204  2824 pts/0    Ss+  19:53   0:00 -bash
root     13170  0.2  0.3 155104  5964 ?        Ss   20:07   0:00 sshd: root@pts/1
root     14214  0.0  0.2 230448  5220 ?        Ss   20:09   0:00 /usr/sbin/httpd -DFOREGROUND
apache   14215  0.0  0.1 230448  2992 ?        S    20:09   0:00 /usr/sbin/httpd -DFOREGROUND
apache   14216  0.0  0.1 230448  2992 ?        S    20:09   0:00 /usr/sbin/httpd -DFOREGROUND
apache   14217  0.0  0.1 230448  2992 ?        S    20:09   0:00 /usr/sbin/httpd -DFOREGROUND
apache   14218  0.0  0.1 230448  2992 ?        S    20:09   0:00 /usr/sbin/httpd -DFOREGROUND
apache   14219  0.0  0.1 230448  2992 ?        S    20:09   0:00 /usr/sbin/httpd -DFOREGROUND
root     14277  0.0  0.0 113284  1204 pts/1    Ss+  20:10   0:00 /bin/sh -c /usr/bin/python /root/.ansible/tmp/ansible-tmp-1717675803.919829-23848-86531164163262/AnsiballZ_command.py && sleep 0
root     14288  0.0  0.7 215460 12992 pts/1    S+   20:10   0:00 /usr/bin/python /root/.ansible/tmp/ansible-tmp-1717675803.919829-23848-86531164163262/AnsiballZ_command.py
root     14289  0.0  0.1 155452  1880 pts/1    R+   20:10   0:00 ps -aux

2024-06-06 20:10:18,746 p=23870 u=lixun n=ansible | 47.121.139.55 | CHANGED | rc=0 >>
F S UID        PID  PPID  C PRI  NI ADDR SZ WCHAN  STIME TTY          TIME CMD
4 S root         1     0  0  80   0 - 31407 ep_pol Jun04 ?        00:00:08 /usr/lib/systemd/systemd --switched-root --system --deserialize 22
1 S root         2     0  0  80   0 -     0 kthrea Jun04 ?        00:00:00 [kthreadd]
1 S root         4     2  0  60 -20 -     0 worker Jun04 ?        00:00:00 [kworker/0:0H]
1 S root         6     2  0  80   0 -     0 smpboo Jun04 ?        00:00:00 [ksoftirqd/0]
1 S root         7     2  0 -40   - -     0 smpboo Jun04 ?        00:00:00 [migration/0]
1 S root         8     2  0  80   0 -     0 rcu_gp Jun04 ?        00:00:00 [rcu_bh]
1 S root         9     2  0  80   0 -     0 rcu_gp Jun04 ?        00:00:25 [rcu_sched]
1 S root        10     2  0  60 -20 -     0 rescue Jun04 ?        00:00:00 [lru-add-drain]
5 S root        11     2  0 -40   - -     0 smpboo Jun04 ?        00:00:00 [watchdog/0]
5 S root        12     2  0 -40   - -     0 smpboo Jun04 ?        00:00:00 [watchdog/1]
1 S root        13     2  0 -40   - -     0 smpboo Jun04 ?        00:00:00 [migration/1]
1 S root        14     2  0  80   0 -     0 smpboo Jun04 ?        00:00:00 [ksoftirqd/1]
1 S root        16     2  0  60 -20 -     0 worker Jun04 ?        00:00:00 [kworker/1:0H]
5 S root        18     2  0  80   0 -     0 devtmp Jun04 ?        00:00:00 [kdevtmpfs]
1 S root        19     2  0  60 -20 -     0 rescue Jun04 ?        00:00:00 [netns]
1 S root        20     2  0  80   0 -     0 watchd Jun04 ?        00:00:00 [khungtaskd]
1 S root        21     2  0  60 -20 -     0 rescue Jun04 ?        00:00:00 [writeback]
1 S root        22     2  0  60 -20 -     0 rescue Jun04 ?        00:00:00 [kintegrityd]
1 S root        23     2  0  60 -20 -     0 rescue Jun04 ?        00:00:00 [bioset]
1 S root        24     2  0  60 -20 -     0 rescue Jun04 ?        00:00:00 [bioset]
1 S root        25     2  0  60 -20 -     0 rescue Jun04 ?        00:00:00 [bioset]
1 S root        26     2  0  60 -20 -     0 rescue Jun04 ?        00:00:00 [kblockd]
1 S root        27     2  0  60 -20 -     0 rescue Jun04 ?        00:00:00 [md]
1 S root        28     2  0  60 -20 -     0 rescue Jun04 ?        00:00:00 [edac-poller]
1 S root        29     2  0  60 -20 -     0 rescue Jun04 ?        00:00:00 [watchdogd]
1 S root        36     2  0  80   0 -     0 kswapd Jun04 ?        00:00:00 [kswapd0]
1 S root        37     2  0  85   5 -     0 ksm_sc Jun04 ?        00:00:00 [ksmd]
1 S root        38     2  0  99  19 -     0 khugep Jun04 ?        00:00:00 [khugepaged]
1 S root        39     2  0  60 -20 -     0 rescue Jun04 ?        00:00:00 [crypto]
1 S root        47     2  0  60 -20 -     0 rescue Jun04 ?        00:00:00 [kthrotld]
1 S root        49     2  0  60 -20 -     0 rescue Jun04 ?        00:00:00 [kmpath_rdacd]
1 S root        50     2  0  60 -20 -     0 rescue Jun04 ?        00:00:00 [kaluad]
1 S root        51     2  0  60 -20 -     0 rescue Jun04 ?        00:00:00 [kpsmoused]
1 S root        52     2  0  60 -20 -     0 rescue Jun04 ?        00:00:00 [ipv6_addrconf]
1 S root        65     2  0  60 -20 -     0 rescue Jun04 ?        00:00:00 [deferwq]
1 S root       100     2  0  80   0 -     0 kaudit Jun04 ?        00:00:00 [kauditd]
1 S root       240     2  0  60 -20 -     0 rescue Jun04 ?        00:00:00 [ata_sff]
1 S root       242     2  0  80   0 -     0 scsi_e Jun04 ?        00:00:00 [scsi_eh_0]
1 S root       245     2  0  60 -20 -     0 rescue Jun04 ?        00:00:00 [scsi_tmf_0]
1 S root       246     2  0  80   0 -     0 scsi_e Jun04 ?        00:00:00 [scsi_eh_1]
1 S root       247     2  0  60 -20 -     0 rescue Jun04 ?        00:00:00 [scsi_tmf_1]
1 S root       250     2  0  60 -20 -     0 rescue Jun04 ?        00:00:00 [ttm_swap]
1 S root       252     2  0  60 -20 -     0 worker Jun04 ?        00:00:00 [kworker/1:1H]
1 S root       261     2  0  60 -20 -     0 worker Jun04 ?        00:00:00 [kworker/0:1H]
1 S root       268     2  0  80   0 -     0 kjourn Jun04 ?        00:00:00 [jbd2/vda1-8]
1 S root       269     2  0  60 -20 -     0 rescue Jun04 ?        00:00:00 [ext4-rsv-conver]
4 S root       366     1  0  80   0 - 10045 ep_pol Jun04 ?        00:00:02 /usr/lib/systemd/systemd-journald
4 S root       389     1  0  80   0 - 11331 ep_pol Jun04 ?        00:00:00 /usr/lib/systemd/systemd-udevd
5 S root       433     1  0  76  -4 - 13883 ep_pol Jun04 ?        00:00:00 /sbin/auditd
1 S root       496     2  0  60 -20 -     0 rescue Jun04 ?        00:00:00 [rpciod]
1 S root       499     2  0  60 -20 -     0 rescue Jun04 ?        00:00:00 [xprtiod]
1 S root       520     2  0  60 -20 -     0 rescue Jun04 ?        00:00:00 [nfit]
4 S dbus       542     1  0  80   0 - 14523 ep_pol Jun04 ?        00:00:06 /usr/bin/dbus-daemon --system --address=systemd: --nofork --nopidfile --systemd-activation
5 S rpc        543     1  0  80   0 - 17314 poll_s Jun04 ?        00:00:00 /sbin/rpcbind -w
4 S root       544     1  0  80   0 -  4855 futex_ Jun04 ?        00:00:29 /usr/local/share/assist-daemon/assist_daemon
4 S polkitd    547     1  0  80   0 - 153085 poll_s Jun04 ?       00:00:01 /usr/lib/polkit-1/polkitd --no-debug
4 S root       548     1  0  80   0 -  6653 ep_pol Jun04 ?        00:00:03 /usr/lib/systemd/systemd-logind
5 S chrony     562     1  0  80   0 - 29483 poll_s Jun04 ?        00:00:00 /usr/sbin/chronyd
1 S root       563     1  0  80   0 - 48802 ep_pol Jun04 ?        00:00:00 /usr/sbin/gssproxy -D
1 S root       805     1  0  80   0 - 25752 poll_s Jun04 ?        00:00:00 /sbin/dhclient -1 -q -lf /var/lib/dhclient/dhclient--eth0.lease -pf /var/run/dhclient-eth0.pid -H iZf8z9dpfg79q2gk54o8cvZ eth0
4 S root       874     1  0  80   0 - 143572 poll_s Jun04 ?       00:00:14 /usr/bin/python2 -Es /usr/sbin/tuned -l -P
5 S root      1084     1  0  80   0 - 22452 ep_pol Jun04 ?        00:00:00 /usr/libexec/postfix/master -w
4 S postfix   1086  1084  0  80   0 - 22495 ep_pol Jun04 ?        00:00:00 qmgr -l -t unix -u
4 S root      1212     1  0  80   0 - 56680 poll_s Jun04 ?        00:00:07 /usr/sbin/rsyslogd -n
4 S root      1215     1  0  80   0 - 172395 futex_ Jun04 ?       00:02:49 /usr/local/share/aliyun-assist/2.2.3.601/aliyun-service
4 S root      1219     1  0  80   0 - 31597 hrtime Jun04 ?        00:00:00 /usr/sbin/crond -n
4 S root      1222     1  0  80   0 -  6477 hrtime Jun04 ?        00:00:00 /usr/sbin/atd -f
4 S root      1226     1  0  80   0 - 27552 n_tty_ Jun04 tty1     00:00:00 /sbin/agetty --noclear tty1 linux
4 S root      1227     1  0  80   0 - 27552 n_tty_ Jun04 ttyS0    00:00:00 /sbin/agetty --keep-baud 115200,38400,9600 ttyS0 vt220
4 S root      1498     1  0  80   0 - 28251 poll_s Jun04 ?        00:00:00 /usr/sbin/sshd -D
1 S root     10117     2  0  80   0 -     0 worker Jun05 ?        00:00:00 [kworker/u4:2]
1 S root     10212     1  0  70 -10 - 15567 hrtime Jun05 ?        00:00:52 /usr/local/aegis/aegis_update/AliYunDunUpdate
5 S root     10242     1  0  70 -10 - 28282 hrtime Jun05 ?        00:04:30 /usr/local/aegis/aegis_client/aegis_11_91/AliYunDun
1 S root     10253     1  0  70 -10 - 35865 hrtime Jun05 ?        00:15:54 /usr/local/aegis/aegis_client/aegis_11_91/AliYunDunMonitor
1 S root     12353     2  0  80   0 -     0 worker 15:20 ?        00:00:00 [kworker/u4:1]
1 S root     12527     2  0  80   0 -     0 worker 17:40 ?        00:00:00 [kworker/1:1]
1 S root     12537     2  0  80   0 -     0 worker 17:50 ?        00:00:00 [kworker/0:2]
1 S root     12649     2  0  80   0 -     0 worker 18:40 ?        00:00:00 [kworker/0:1]
4 S postfix  12714  1084  0  80   0 - 22478 ep_pol 19:30 ?        00:00:00 pickup -l -t unix -u
1 S root     12720     2  0  80   0 -     0 worker 19:40 ?        00:00:00 [kworker/1:2]
4 S root     12869  1498  0  80   0 - 38698 poll_s 19:53 ?        00:00:00 sshd: root@pts/0
4 S root     12871 12869  0  80   0 - 29051 n_tty_ 19:53 pts/0    00:00:00 -bash
4 S root     13170  1498  0  80   0 - 38776 poll_s 20:07 ?        00:00:00 sshd: root@pts/1
4 S root     14214     1  0  80   0 - 57612 poll_s 20:09 ?        00:00:00 /usr/sbin/httpd -DFOREGROUND
5 S apache   14215 14214  0  80   0 - 57612 inet_c 20:09 ?        00:00:00 /usr/sbin/httpd -DFOREGROUND
5 S apache   14216 14214  0  80   0 - 57612 inet_c 20:09 ?        00:00:00 /usr/sbin/httpd -DFOREGROUND
5 S apache   14217 14214  0  80   0 - 57612 inet_c 20:09 ?        00:00:00 /usr/sbin/httpd -DFOREGROUND
5 S apache   14218 14214  0  80   0 - 57612 inet_c 20:09 ?        00:00:00 /usr/sbin/httpd -DFOREGROUND
5 S apache   14219 14214  0  80   0 - 57612 inet_c 20:09 ?        00:00:00 /usr/sbin/httpd -DFOREGROUND
4 S root     14342 13170  0  80   0 - 28321 do_wai 20:10 pts/1    00:00:00 /bin/sh -c /usr/bin/python /root/.ansible/tmp/ansible-tmp-1717675816.9093828-23872-196419084312819/AnsiballZ_command.py && sleep 0
0 S root     14353 14342  0  80   0 - 53865 poll_s 20:10 pts/1    00:00:00 /usr/bin/python /root/.ansible/tmp/ansible-tmp-1717675816.9093828-23872-196419084312819/AnsiballZ_command.py
0 R root     14354 14353  0  80   0 - 38863 -      20:10 pts/1    00:00:00 ps -lef

2024-06-06 20:10:39,257 p=23901 u=lixun n=ansible | 47.121.139.55 | CHANGED | rc=0 >>
Active Internet connections (servers and established)
Proto Recv-Q Send-Q Local Address           Foreign Address         State       PID/Program name    
tcp        0      0 0.0.0.0:111             0.0.0.0:*               LISTEN      543/rpcbind         
tcp        0      0 0.0.0.0:22              0.0.0.0:*               LISTEN      1498/sshd           
tcp        0      0 127.0.0.1:25            0.0.0.0:*               LISTEN      1084/master         
tcp        0      0 172.28.244.23:22        115.171.12.5:14969      ESTABLISHED 12869/sshd: root@pt 
tcp        0      0 172.28.244.23:22        115.171.12.5:15046      ESTABLISHED 13170/sshd: root@pt 
tcp        0      0 172.28.244.23:48992     100.100.30.26:80        ESTABLISHED 10242/AliYunDun     
tcp        0      0 172.28.244.23:56326     100.100.0.5:80          TIME_WAIT   -                   
tcp6       0      0 :::111                  :::*                    LISTEN      543/rpcbind         
tcp6       0      0 :::8080                 :::*                    LISTEN      14214/httpd         
tcp6       0      0 ::1:25                  :::*                    LISTEN      1084/master         

2024-06-06 20:17:26,137 p=24170 u=lixun n=ansible | 47.121.139.55 | CHANGED => {
    "ansible_facts": {
        "discovered_interpreter_python": "/usr/bin/python"
    },
    "changed": true,
    "name": "httpd",
    "state": "stopped",
    "status": {
        "ActiveEnterTimestamp": "Thu 2024-06-06 20:09:33 CST",
        "ActiveEnterTimestampMonotonic": "170487048147",
        "ActiveExitTimestamp": "Thu 2024-06-06 20:09:31 CST",
        "ActiveExitTimestampMonotonic": "170485943588",
        "ActiveState": "active",
        "After": "remote-fs.target network.target systemd-journald.socket basic.target tmp.mount system.slice nss-lookup.target -.mount",
        "AllowIsolate": "no",
        "AmbientCapabilities": "0",
        "AssertResult": "yes",
        "AssertTimestamp": "Thu 2024-06-06 20:09:33 CST",
        "AssertTimestampMonotonic": "170486965457",
        "Before": "multi-user.target shutdown.target",
        "BlockIOAccounting": "no",
        "BlockIOWeight": "18446744073709551615",
        "CPUAccounting": "no",
        "CPUQuotaPerSecUSec": "infinity",
        "CPUSchedulingPolicy": "0",
        "CPUSchedulingPriority": "0",
        "CPUSchedulingResetOnFork": "no",
        "CPUShares": "18446744073709551615",
        "CanIsolate": "no",
        "CanReload": "yes",
        "CanStart": "yes",
        "CanStop": "yes",
        "CapabilityBoundingSet": "18446744073709551615",
        "CollectMode": "inactive",
        "ConditionResult": "yes",
        "ConditionTimestamp": "Thu 2024-06-06 20:09:33 CST",
        "ConditionTimestampMonotonic": "170486965456",
        "Conflicts": "shutdown.target",
        "ControlGroup": "/system.slice/httpd.service",
        "ControlPID": "0",
        "DefaultDependencies": "yes",
        "Delegate": "no",
        "Description": "The Apache HTTP Server",
        "DevicePolicy": "auto",
        "Documentation": "man:httpd(8) man:apachectl(8)",
        "EnvironmentFile": "/etc/sysconfig/httpd (ignore_errors=no)",
        "ExecMainCode": "0",
        "ExecMainExitTimestampMonotonic": "0",
        "ExecMainPID": "14214",
        "ExecMainStartTimestamp": "Thu 2024-06-06 20:09:33 CST",
        "ExecMainStartTimestampMonotonic": "170486966802",
        "ExecMainStatus": "0",
        "ExecReload": "{ path=/usr/sbin/httpd ; argv[]=/usr/sbin/httpd $OPTIONS -k graceful ; ignore_errors=no ; start_time=[n/a] ; stop_time=[n/a] ; pid=0 ; code=(null) ; status=0/0 }",
        "ExecStart": "{ path=/usr/sbin/httpd ; argv[]=/usr/sbin/httpd $OPTIONS -DFOREGROUND ; ignore_errors=no ; start_time=[Thu 2024-06-06 20:09:33 CST] ; stop_time=[n/a] ; pid=14214 ; code=(null) ; status=0/0 }",
        "ExecStop": "{ path=/bin/kill ; argv[]=/bin/kill -WINCH ${MAINPID} ; ignore_errors=no ; start_time=[Thu 2024-06-06 20:09:31 CST] ; stop_time=[Thu 2024-06-06 20:09:32 CST] ; pid=14209 ; code=exited ; status=0 }",
        "FailureAction": "none",
        "FileDescriptorStoreMax": "0",
        "FragmentPath": "/usr/lib/systemd/system/httpd.service",
        "GuessMainPID": "yes",
        "IOScheduling": "0",
        "Id": "httpd.service",
        "IgnoreOnIsolate": "no",
        "IgnoreOnSnapshot": "no",
        "IgnoreSIGPIPE": "yes",
        "InactiveEnterTimestamp": "Thu 2024-06-06 20:09:33 CST",
        "InactiveEnterTimestampMonotonic": "170486964653",
        "InactiveExitTimestamp": "Thu 2024-06-06 20:09:33 CST",
        "InactiveExitTimestampMonotonic": "170486966916",
        "JobTimeoutAction": "none",
        "JobTimeoutUSec": "0",
        "KillMode": "control-group",
        "KillSignal": "18",
        "LimitAS": "18446744073709551615",
        "LimitCORE": "18446744073709551615",
        "LimitCPU": "18446744073709551615",
        "LimitDATA": "18446744073709551615",
        "LimitFSIZE": "18446744073709551615",
        "LimitLOCKS": "18446744073709551615",
        "LimitMEMLOCK": "65536",
        "LimitMSGQUEUE": "819200",
        "LimitNICE": "0",
        "LimitNOFILE": "4096",
        "LimitNPROC": "6942",
        "LimitRSS": "18446744073709551615",
        "LimitRTPRIO": "0",
        "LimitRTTIME": "18446744073709551615",
        "LimitSIGPENDING": "6942",
        "LimitSTACK": "18446744073709551615",
        "LoadState": "loaded",
        "MainPID": "14214",
        "MemoryAccounting": "no",
        "MemoryCurrent": "18446744073709551615",
        "MemoryLimit": "18446744073709551615",
        "MountFlags": "0",
        "Names": "httpd.service",
        "NeedDaemonReload": "no",
        "Nice": "0",
        "NoNewPrivileges": "no",
        "NonBlocking": "no",
        "NotifyAccess": "main",
        "OOMScoreAdjust": "0",
        "OnFailureJobMode": "replace",
        "PermissionsStartOnly": "no",
        "PrivateDevices": "no",
        "PrivateNetwork": "no",
        "PrivateTmp": "yes",
        "ProtectHome": "no",
        "ProtectSystem": "no",
        "RefuseManualStart": "no",
        "RefuseManualStop": "no",
        "RemainAfterExit": "no",
        "Requires": "-.mount system.slice basic.target",
        "RequiresMountsFor": "/var/tmp",
        "Restart": "no",
        "RestartUSec": "100ms",
        "Result": "success",
        "RootDirectoryStartOnly": "no",
        "RuntimeDirectoryMode": "0755",
        "SameProcessGroup": "no",
        "SecureBits": "0",
        "SendSIGHUP": "no",
        "SendSIGKILL": "yes",
        "Slice": "system.slice",
        "StandardError": "inherit",
        "StandardInput": "null",
        "StandardOutput": "journal",
        "StartLimitAction": "none",
        "StartLimitBurst": "5",
        "StartLimitInterval": "10000000",
        "StartupBlockIOWeight": "18446744073709551615",
        "StartupCPUShares": "18446744073709551615",
        "StatusErrno": "0",
        "StatusText": "Total requests: 0; Current requests/sec: 0; Current traffic:   0 B/sec",
        "StopWhenUnneeded": "no",
        "SubState": "running",
        "SyslogLevelPrefix": "yes",
        "SyslogPriority": "30",
        "SystemCallErrorNumber": "0",
        "TTYReset": "no",
        "TTYVHangup": "no",
        "TTYVTDisallocate": "no",
        "TasksAccounting": "no",
        "TasksCurrent": "18446744073709551615",
        "TasksMax": "18446744073709551615",
        "TimeoutStartUSec": "1min 30s",
        "TimeoutStopUSec": "1min 30s",
        "TimerSlackNSec": "50000",
        "Transient": "no",
        "Type": "notify",
        "UMask": "0022",
        "UnitFilePreset": "disabled",
        "UnitFileState": "enabled",
        "WantedBy": "multi-user.target",
        "WatchdogTimestamp": "Thu 2024-06-06 20:09:33 CST",
        "WatchdogTimestampMonotonic": "170487048098",
        "WatchdogUSec": "0"
    }
}
2024-06-06 20:18:16,559 p=24259 u=lixun n=ansible | PLAY [me] *************************************************************************************************************************************************
2024-06-06 20:18:16,562 p=24259 u=lixun n=ansible | TASK [Gathering Facts] ************************************************************************************************************************************
2024-06-06 20:18:21,195 p=24259 u=lixun n=ansible | ok: [47.121.139.55]
2024-06-06 20:18:21,201 p=24259 u=lixun n=ansible | TASK [start service] **************************************************************************************************************************************
2024-06-06 20:18:23,278 p=24259 u=lixun n=ansible | changed: [47.121.139.55]
2024-06-06 20:18:23,293 p=24259 u=lixun n=ansible | PLAY RECAP ************************************************************************************************************************************************
2024-06-06 20:18:23,294 p=24259 u=lixun n=ansible | 47.121.139.55              : ok=2    changed=1    unreachable=0    failed=0    skipped=0    rescued=0    ignored=0   
2024-06-06 20:27:06,926 p=24552 u=lixun n=ansible | 47.121.139.55 | SUCCESS => {
    "ansible_facts": {
        "ansible_all_ipv4_addresses": [
            "172.28.244.23"
        ],
        "ansible_all_ipv6_addresses": [
            "fe80::216:3eff:fe0b:46ae"
        ],
        "ansible_apparmor": {
            "status": "disabled"
        },
        "ansible_architecture": "x86_64",
        "ansible_bios_date": "04/01/2014",
        "ansible_bios_vendor": "SeaBIOS",
        "ansible_bios_version": "449e491",
        "ansible_board_asset_tag": "NA",
        "ansible_board_name": "NA",
        "ansible_board_serial": "NA",
        "ansible_board_vendor": "NA",
        "ansible_board_version": "NA",
        "ansible_chassis_asset_tag": "NA",
        "ansible_chassis_serial": "NA",
        "ansible_chassis_vendor": "Alibaba Cloud",
        "ansible_chassis_version": "pc-i440fx-2.1",
        "ansible_cmdline": {
            "BOOT_IMAGE": "/boot/vmlinuz-3.10.0-1160.114.2.el7.x86_64",
            "console": "ttyS0,115200n8",
            "crashkernel": "auto",
            "net.ifnames": "0",
            "noibrs": true,
            "nvme_core.admin_timeout": "4294967295",
            "nvme_core.io_timeout": "4294967295",
            "quiet": true,
            "rhgb": true,
            "ro": true,
            "root": "UUID=7c362a2d-b301-4957-bc3f-a47cd00d822f",
            "spectre_v2": "retpoline"
        },
        "ansible_date_time": {
            "date": "2024-06-06",
            "day": "06",
            "epoch": "1717676826",
            "epoch_int": "1717676826",
            "hour": "20",
            "iso8601": "2024-06-06T12:27:06Z",
            "iso8601_basic": "20240606T202706660299",
            "iso8601_basic_short": "20240606T202706",
            "iso8601_micro": "2024-06-06T12:27:06.660299Z",
            "minute": "27",
            "month": "06",
            "second": "06",
            "time": "20:27:06",
            "tz": "CST",
            "tz_dst": "CST",
            "tz_offset": "+0800",
            "weekday": "Thursday",
            "weekday_number": "4",
            "weeknumber": "23",
            "year": "2024"
        },
        "ansible_default_ipv4": {
            "address": "172.28.244.23",
            "alias": "eth0",
            "broadcast": "172.28.255.255",
            "gateway": "172.28.255.253",
            "interface": "eth0",
            "macaddress": "00:16:3e:0b:46:ae",
            "mtu": 1500,
            "netmask": "255.255.240.0",
            "network": "172.28.240.0",
            "prefix": "20",
            "type": "ether"
        },
        "ansible_default_ipv6": {},
        "ansible_device_links": {
            "ids": {
                "vda": [
                    "virtio-f8z03bjru3re9mntkp2c"
                ],
                "vda1": [
                    "virtio-f8z03bjru3re9mntkp2c-part1"
                ]
            },
            "labels": {},
            "masters": {},
            "uuids": {
                "vda1": [
                    "7c362a2d-b301-4957-bc3f-a47cd00d822f"
                ]
            }
        },
        "ansible_devices": {
            "vda": {
                "holders": [],
                "host": "SCSI storage controller: Red Hat, Inc. Virtio block device",
                "links": {
                    "ids": [
                        "virtio-f8z03bjru3re9mntkp2c"
                    ],
                    "labels": [],
                    "masters": [],
                    "uuids": []
                },
                "model": null,
                "partitions": {
                    "vda1": {
                        "holders": [],
                        "links": {
                            "ids": [
                                "virtio-f8z03bjru3re9mntkp2c-part1"
                            ],
                            "labels": [],
                            "masters": [],
                            "uuids": [
                                "7c362a2d-b301-4957-bc3f-a47cd00d822f"
                            ]
                        },
                        "sectors": "83883999",
                        "sectorsize": 512,
                        "size": "40.00 GB",
                        "start": "2048",
                        "uuid": "7c362a2d-b301-4957-bc3f-a47cd00d822f"
                    }
                },
                "removable": "0",
                "rotational": "1",
                "sas_address": null,
                "sas_device_handle": null,
                "scheduler_mode": "mq-deadline",
                "sectors": "83886080",
                "sectorsize": "512",
                "size": "40.00 GB",
                "support_discard": "0",
                "vendor": "0x1af4",
                "virtual": 1
            }
        },
        "ansible_distribution": "CentOS",
        "ansible_distribution_file_parsed": true,
        "ansible_distribution_file_path": "/etc/redhat-release",
        "ansible_distribution_file_variety": "RedHat",
        "ansible_distribution_major_version": "7",
        "ansible_distribution_release": "Core",
        "ansible_distribution_version": "7.9",
        "ansible_dns": {
            "nameservers": [
                "100.100.2.136",
                "100.100.2.138"
            ],
            "options": {
                "attempts": "3",
                "rotate": true,
                "single-request-reopen": true,
                "timeout": "2"
            }
        },
        "ansible_domain": "",
        "ansible_effective_group_id": 0,
        "ansible_effective_user_id": 0,
        "ansible_env": {
            "HOME": "/root",
            "LANG": "en_US.UTF-8",
            "LESSOPEN": "||/usr/bin/lesspipe.sh %s",
            "LOGNAME": "root",
            "LS_COLORS": "rs=0:di=38;5;27:ln=38;5;51:mh=44;38;5;15:pi=40;38;5;11:so=38;5;13:do=38;5;5:bd=48;5;232;38;5;11:cd=48;5;232;38;5;3:or=48;5;232;38;5;9:mi=05;48;5;232;38;5;15:su=48;5;196;38;5;15:sg=48;5;11;38;5;16:ca=48;5;196;38;5;226:tw=48;5;10;38;5;16:ow=48;5;10;38;5;21:st=48;5;21;38;5;15:ex=38;5;34:*.tar=38;5;9:*.tgz=38;5;9:*.arc=38;5;9:*.arj=38;5;9:*.taz=38;5;9:*.lha=38;5;9:*.lz4=38;5;9:*.lzh=38;5;9:*.lzma=38;5;9:*.tlz=38;5;9:*.txz=38;5;9:*.tzo=38;5;9:*.t7z=38;5;9:*.zip=38;5;9:*.z=38;5;9:*.Z=38;5;9:*.dz=38;5;9:*.gz=38;5;9:*.lrz=38;5;9:*.lz=38;5;9:*.lzo=38;5;9:*.xz=38;5;9:*.bz2=38;5;9:*.bz=38;5;9:*.tbz=38;5;9:*.tbz2=38;5;9:*.tz=38;5;9:*.deb=38;5;9:*.rpm=38;5;9:*.jar=38;5;9:*.war=38;5;9:*.ear=38;5;9:*.sar=38;5;9:*.rar=38;5;9:*.alz=38;5;9:*.ace=38;5;9:*.zoo=38;5;9:*.cpio=38;5;9:*.7z=38;5;9:*.rz=38;5;9:*.cab=38;5;9:*.jpg=38;5;13:*.jpeg=38;5;13:*.gif=38;5;13:*.bmp=38;5;13:*.pbm=38;5;13:*.pgm=38;5;13:*.ppm=38;5;13:*.tga=38;5;13:*.xbm=38;5;13:*.xpm=38;5;13:*.tif=38;5;13:*.tiff=38;5;13:*.png=38;5;13:*.svg=38;5;13:*.svgz=38;5;13:*.mng=38;5;13:*.pcx=38;5;13:*.mov=38;5;13:*.mpg=38;5;13:*.mpeg=38;5;13:*.m2v=38;5;13:*.mkv=38;5;13:*.webm=38;5;13:*.ogm=38;5;13:*.mp4=38;5;13:*.m4v=38;5;13:*.mp4v=38;5;13:*.vob=38;5;13:*.qt=38;5;13:*.nuv=38;5;13:*.wmv=38;5;13:*.asf=38;5;13:*.rm=38;5;13:*.rmvb=38;5;13:*.flc=38;5;13:*.avi=38;5;13:*.fli=38;5;13:*.flv=38;5;13:*.gl=38;5;13:*.dl=38;5;13:*.xcf=38;5;13:*.xwd=38;5;13:*.yuv=38;5;13:*.cgm=38;5;13:*.emf=38;5;13:*.axv=38;5;13:*.anx=38;5;13:*.ogv=38;5;13:*.ogx=38;5;13:*.aac=38;5;45:*.au=38;5;45:*.flac=38;5;45:*.mid=38;5;45:*.midi=38;5;45:*.mka=38;5;45:*.mp3=38;5;45:*.mpc=38;5;45:*.ogg=38;5;45:*.ra=38;5;45:*.wav=38;5;45:*.axa=38;5;45:*.oga=38;5;45:*.spx=38;5;45:*.xspf=38;5;45:",
            "MAIL": "/var/mail/root",
            "PATH": "/usr/local/sbin:/usr/local/bin:/usr/sbin:/usr/bin",
            "PWD": "/root",
            "SHELL": "/bin/bash",
            "SHLVL": "2",
            "SSH_CLIENT": "115.171.12.5 14617 22",
            "SSH_CONNECTION": "115.171.12.5 14617 172.28.244.23 22",
            "SSH_TTY": "/dev/pts/1",
            "TERM": "xterm-256color",
            "USER": "root",
            "XDG_RUNTIME_DIR": "/run/user/0",
            "XDG_SESSION_ID": "362",
            "_": "/usr/bin/python"
        },
        "ansible_eth0": {
            "active": true,
            "device": "eth0",
            "features": {
                "busy_poll": "off [fixed]",
                "fcoe_mtu": "off [fixed]",
                "generic_receive_offload": "on",
                "generic_segmentation_offload": "on",
                "highdma": "on [fixed]",
                "hw_tc_offload": "off [fixed]",
                "l2_fwd_offload": "off [fixed]",
                "large_receive_offload": "off [fixed]",
                "loopback": "off [fixed]",
                "netns_local": "off [fixed]",
                "ntuple_filters": "off [fixed]",
                "receive_hashing": "off [fixed]",
                "rx_all": "off [fixed]",
                "rx_checksumming": "on [fixed]",
                "rx_fcs": "off [fixed]",
                "rx_gro_hw": "off [fixed]",
                "rx_udp_tunnel_port_offload": "off [fixed]",
                "rx_vlan_filter": "off [fixed]",
                "rx_vlan_offload": "off [fixed]",
                "rx_vlan_stag_filter": "off [fixed]",
                "rx_vlan_stag_hw_parse": "off [fixed]",
                "scatter_gather": "on",
                "tcp_segmentation_offload": "on",
                "tx_checksum_fcoe_crc": "off [fixed]",
                "tx_checksum_ip_generic": "on",
                "tx_checksum_ipv4": "off [fixed]",
                "tx_checksum_ipv6": "off [fixed]",
                "tx_checksum_sctp": "off [fixed]",
                "tx_checksumming": "on",
                "tx_fcoe_segmentation": "off [fixed]",
                "tx_gre_csum_segmentation": "off [fixed]",
                "tx_gre_segmentation": "off [fixed]",
                "tx_gso_partial": "off [fixed]",
                "tx_gso_robust": "off [fixed]",
                "tx_ipip_segmentation": "off [fixed]",
                "tx_lockless": "off [fixed]",
                "tx_nocache_copy": "off",
                "tx_scatter_gather": "on",
                "tx_scatter_gather_fraglist": "off [fixed]",
                "tx_sctp_segmentation": "off [fixed]",
                "tx_sit_segmentation": "off [fixed]",
                "tx_tcp6_segmentation": "on",
                "tx_tcp_ecn_segmentation": "on",
                "tx_tcp_mangleid_segmentation": "off",
                "tx_tcp_segmentation": "on",
                "tx_udp_tnl_csum_segmentation": "off [fixed]",
                "tx_udp_tnl_segmentation": "off [fixed]",
                "tx_vlan_offload": "off [fixed]",
                "tx_vlan_stag_hw_insert": "off [fixed]",
                "udp_fragmentation_offload": "on",
                "vlan_challenged": "off [fixed]"
            },
            "hw_timestamp_filters": [],
            "ipv4": {
                "address": "172.28.244.23",
                "broadcast": "172.28.255.255",
                "netmask": "255.255.240.0",
                "network": "172.28.240.0",
                "prefix": "20"
            },
            "ipv6": [
                {
                    "address": "fe80::216:3eff:fe0b:46ae",
                    "prefix": "64",
                    "scope": "link"
                }
            ],
            "macaddress": "00:16:3e:0b:46:ae",
            "module": "virtio_net",
            "mtu": 1500,
            "pciid": "virtio2",
            "promisc": false,
            "timestamping": [
                "rx_software",
                "software"
            ],
            "type": "ether"
        },
        "ansible_fibre_channel_wwn": [],
        "ansible_fips": false,
        "ansible_form_factor": "Other",
        "ansible_fqdn": "lixunCentos",
        "ansible_hostname": "lixunCentos",
        "ansible_hostnqn": "",
        "ansible_interfaces": [
            "lo",
            "eth0"
        ],
        "ansible_is_chroot": false,
        "ansible_iscsi_iqn": "",
        "ansible_kernel": "3.10.0-1160.114.2.el7.x86_64",
        "ansible_kernel_version": "#1 SMP Wed Mar 20 15:54:52 UTC 2024",
        "ansible_lo": {
            "active": true,
            "device": "lo",
            "features": {
                "busy_poll": "off [fixed]",
                "fcoe_mtu": "off [fixed]",
                "generic_receive_offload": "on",
                "generic_segmentation_offload": "on",
                "highdma": "on [fixed]",
                "hw_tc_offload": "off [fixed]",
                "l2_fwd_offload": "off [fixed]",
                "large_receive_offload": "off [fixed]",
                "loopback": "on [fixed]",
                "netns_local": "on [fixed]",
                "ntuple_filters": "off [fixed]",
                "receive_hashing": "off [fixed]",
                "rx_all": "off [fixed]",
                "rx_checksumming": "on [fixed]",
                "rx_fcs": "off [fixed]",
                "rx_gro_hw": "off [fixed]",
                "rx_udp_tunnel_port_offload": "off [fixed]",
                "rx_vlan_filter": "off [fixed]",
                "rx_vlan_offload": "off [fixed]",
                "rx_vlan_stag_filter": "off [fixed]",
                "rx_vlan_stag_hw_parse": "off [fixed]",
                "scatter_gather": "on",
                "tcp_segmentation_offload": "on",
                "tx_checksum_fcoe_crc": "off [fixed]",
                "tx_checksum_ip_generic": "on [fixed]",
                "tx_checksum_ipv4": "off [fixed]",
                "tx_checksum_ipv6": "off [fixed]",
                "tx_checksum_sctp": "on [fixed]",
                "tx_checksumming": "on",
                "tx_fcoe_segmentation": "off [fixed]",
                "tx_gre_csum_segmentation": "off [fixed]",
                "tx_gre_segmentation": "off [fixed]",
                "tx_gso_partial": "off [fixed]",
                "tx_gso_robust": "off [fixed]",
                "tx_ipip_segmentation": "off [fixed]",
                "tx_lockless": "on [fixed]",
                "tx_nocache_copy": "off [fixed]",
                "tx_scatter_gather": "on [fixed]",
                "tx_scatter_gather_fraglist": "on [fixed]",
                "tx_sctp_segmentation": "on",
                "tx_sit_segmentation": "off [fixed]",
                "tx_tcp6_segmentation": "on",
                "tx_tcp_ecn_segmentation": "on",
                "tx_tcp_mangleid_segmentation": "on",
                "tx_tcp_segmentation": "on",
                "tx_udp_tnl_csum_segmentation": "off [fixed]",
                "tx_udp_tnl_segmentation": "off [fixed]",
                "tx_vlan_offload": "off [fixed]",
                "tx_vlan_stag_hw_insert": "off [fixed]",
                "udp_fragmentation_offload": "on",
                "vlan_challenged": "on [fixed]"
            },
            "hw_timestamp_filters": [],
            "ipv4": {
                "address": "127.0.0.1",
                "broadcast": "",
                "netmask": "255.0.0.0",
                "network": "127.0.0.0",
                "prefix": "8"
            },
            "ipv6": [
                {
                    "address": "::1",
                    "prefix": "128",
                    "scope": "host"
                }
            ],
            "mtu": 65536,
            "promisc": false,
            "timestamping": [
                "rx_software",
                "software"
            ],
            "type": "loopback"
        },
        "ansible_loadavg": {
            "15m": 0.05,
            "1m": 0.0,
            "5m": 0.01
        },
        "ansible_local": {},
        "ansible_locally_reachable_ips": {
            "ipv4": [
                "127.0.0.0/8",
                "127.0.0.1",
                "172.28.244.23"
            ],
            "ipv6": [
                "::1",
                "fe80::216:3eff:fe0b:46ae"
            ]
        },
        "ansible_lsb": {
            "codename": "Core",
            "description": "CentOS Linux release 7.9.2009 (Core)",
            "id": "CentOS",
            "major_release": "7",
            "release": "7.9.2009"
        },
        "ansible_lvm": "N/A",
        "ansible_machine": "x86_64",
        "ansible_machine_id": "d735f178c3af490f91d8282c16227b21",
        "ansible_memfree_mb": 414,
        "ansible_memory_mb": {
            "nocache": {
                "free": 1503,
                "used": 253
            },
            "real": {
                "free": 414,
                "total": 1756,
                "used": 1342
            },
            "swap": {
                "cached": 0,
                "free": 0,
                "total": 0,
                "used": 0
            }
        },
        "ansible_memtotal_mb": 1756,
        "ansible_mounts": [
            {
                "block_available": 9158931,
                "block_size": 4096,
                "block_total": 10288203,
                "block_used": 1129272,
                "device": "/dev/vda1",
                "fstype": "ext4",
                "inode_available": 2545393,
                "inode_total": 2621440,
                "inode_used": 76047,
                "mount": "/",
                "options": "rw,relatime,data=ordered",
                "size_available": 37514981376,
                "size_total": 42140479488,
                "uuid": "7c362a2d-b301-4957-bc3f-a47cd00d822f"
            }
        ],
        "ansible_nodename": "lixunCentos",
        "ansible_os_family": "RedHat",
        "ansible_pkg_mgr": "yum",
        "ansible_proc_cmdline": {
            "BOOT_IMAGE": "/boot/vmlinuz-3.10.0-1160.114.2.el7.x86_64",
            "console": [
                "tty0",
                "ttyS0,115200n8"
            ],
            "crashkernel": "auto",
            "net.ifnames": "0",
            "noibrs": true,
            "nvme_core.admin_timeout": "4294967295",
            "nvme_core.io_timeout": "4294967295",
            "quiet": true,
            "rhgb": true,
            "ro": true,
            "root": "UUID=7c362a2d-b301-4957-bc3f-a47cd00d822f",
            "spectre_v2": "retpoline"
        },
        "ansible_processor": [
            "0",
            "GenuineIntel",
            "Intel(R) Xeon(R) Platinum",
            "1",
            "GenuineIntel",
            "Intel(R) Xeon(R) Platinum"
        ],
        "ansible_processor_cores": 1,
        "ansible_processor_count": 1,
        "ansible_processor_nproc": 2,
        "ansible_processor_threads_per_core": 2,
        "ansible_processor_vcpus": 2,
        "ansible_product_name": "Alibaba Cloud ECS",
        "ansible_product_serial": "fdadae93-48d5-4c8b-8176-8c5ebd166a9b",
        "ansible_product_uuid": "FDADAE93-48D5-4C8B-8176-8C5EBD166A9B",
        "ansible_product_version": "pc-i440fx-2.1",
        "ansible_python": {
            "executable": "/usr/bin/python",
            "has_sslcontext": true,
            "type": "CPython",
            "version": {
                "major": 2,
                "micro": 5,
                "minor": 7,
                "releaselevel": "final",
                "serial": 0
            },
            "version_info": [
                2,
                7,
                5,
                "final",
                0
            ]
        },
        "ansible_python_version": "2.7.5",
        "ansible_real_group_id": 0,
        "ansible_real_user_id": 0,
        "ansible_selinux": {
            "status": "disabled"
        },
        "ansible_selinux_python_present": true,
        "ansible_service_mgr": "systemd",
        "ansible_ssh_host_key_dsa_public": "AAAAB3NzaC1kc3MAAACBANFbRgwjnadhJbyony4YZ2SVTM/IT0jrpa8pqtoV+Jv3GmcvPVsSO2miuyVVxf74Ov4afU7xG2xJlVfhxHiD8fPI6DKzfe1dV+AQKfeoXeUDuEjvl627H6avb8gR8sIMNde0ao30FJMemtVJ/oUc03dDQCUXTuyNHAfAFOMScpw9AAAAFQC0rWU9v+LG7LJ7MumotTJOAXg5/QAAAIB176CUy8+h+SykWtb1dQYLIHC5pVopzna8IlVt+iQtO99bYhyQLbdMvnDylqfl6vPaF02d9g1Xa7bSHYCCeUlKnu4PgIlY7vue9wM8ThhZZH2PwiuiqBEaw2fUyV4KNYNg9Day/52n9d58mrbCF+B2CkRC8kSpavUPPmRfXU1EtwAAAIAKkM2D8rqaA1Vvl4PPJjSXaD3DlngJtRBkFTx8N8UuJDQuS9QVuSdSp4WYWcJplFJkeDQA5HCKlyrziTIZ6Ht82lfWrT/xVRCBGTrgIRMy178UErHxNPlSyx5w2BzkAj0OLnhYJQJlgjHi5qb0ADUrkGaULkWTZrCzFd0XfxFv9Q==",
        "ansible_ssh_host_key_dsa_public_keytype": "ssh-dss",
        "ansible_ssh_host_key_ecdsa_public": "AAAAE2VjZHNhLXNoYTItbmlzdHAyNTYAAAAIbmlzdHAyNTYAAABBBL1kFbZ9pX1wOl3rERHqpfHQlYL/QQoWdyl9mOaLnZKX8T2484/CGqKkXDkimLXZqPHxUvEKQThuD8F+NjSLwRk=",
        "ansible_ssh_host_key_ecdsa_public_keytype": "ecdsa-sha2-nistp256",
        "ansible_ssh_host_key_ed25519_public": "AAAAC3NzaC1lZDI1NTE5AAAAIAqCN6C4FrsDtRXCUKgmAuZl5hUilpPyKx/gvi6+48wA",
        "ansible_ssh_host_key_ed25519_public_keytype": "ssh-ed25519",
        "ansible_ssh_host_key_rsa_public": "AAAAB3NzaC1yc2EAAAADAQABAAABAQCxOZGNZDIGAHFod7zwkcMe3pGcjGxD4fFTtQdH47GWyzJWk98CPbZIlGK6QNzoR2Snf5JJVZcteqNvHdaGMYJe3wr9J8mvedOOrYxcPrJSB3XAanxEbmEHf7/dzRR+hvbPbrfpzfg/sDyF0qjufRoHW8LyezcgBMVRbMtvLrqhjsORjpdjZ5oI4ULj8L8tr+VWboMcrhVdUde+tQCKqR879VxepZXr2DJaG0Cjwhog60GHH+JMv0bcl685u2hNSVpEh5sBA9PwIjFV2Sb8sQD+TkWuQkDu4WHXITeea2piAiBeVrm28IRAgkHbXLh97SIBfN+xABLs9q5201Hi8Axt",
        "ansible_ssh_host_key_rsa_public_keytype": "ssh-rsa",
        "ansible_swapfree_mb": 0,
        "ansible_swaptotal_mb": 0,
        "ansible_system": "Linux",
        "ansible_system_capabilities": [
            "cap_chown",
            "cap_dac_override",
            "cap_dac_read_search",
            "cap_fowner",
            "cap_fsetid",
            "cap_kill",
            "cap_setgid",
            "cap_setuid",
            "cap_setpcap",
            "cap_linux_immutable",
            "cap_net_bind_service",
            "cap_net_broadcast",
            "cap_net_admin",
            "cap_net_raw",
            "cap_ipc_lock",
            "cap_ipc_owner",
            "cap_sys_module",
            "cap_sys_rawio",
            "cap_sys_chroot",
            "cap_sys_ptrace",
            "cap_sys_pacct",
            "cap_sys_admin",
            "cap_sys_boot",
            "cap_sys_nice",
            "cap_sys_resource",
            "cap_sys_time",
            "cap_sys_tty_config",
            "cap_mknod",
            "cap_lease",
            "cap_audit_write",
            "cap_audit_control",
            "cap_setfcap",
            "cap_mac_override",
            "cap_mac_admin",
            "cap_syslog",
            "35",
            "36+ep"
        ],
        "ansible_system_capabilities_enforced": "True",
        "ansible_system_vendor": "Alibaba Cloud",
        "ansible_uptime_seconds": 171539,
        "ansible_user_dir": "/root",
        "ansible_user_gecos": "root",
        "ansible_user_gid": 0,
        "ansible_user_id": "root",
        "ansible_user_shell": "/bin/bash",
        "ansible_user_uid": 0,
        "ansible_userspace_architecture": "x86_64",
        "ansible_userspace_bits": "64",
        "ansible_virtualization_role": "guest",
        "ansible_virtualization_tech_guest": [],
        "ansible_virtualization_tech_host": [
            "kvm"
        ],
        "ansible_virtualization_type": "kvm",
        "discovered_interpreter_python": "/usr/bin/python",
        "gather_subset": [
            "all"
        ],
        "module_setup": true
    },
    "changed": false
}
2024-06-06 20:28:40,864 p=24628 u=lixun n=ansible | 47.121.139.55 | SUCCESS => {
    "ansible_facts": {
        "ansible_hostname": "lixunCentos",
        "discovered_interpreter_python": "/usr/bin/python"
    },
    "changed": false
}
2024-06-06 20:28:54,988 p=24656 u=lixun n=ansible | 47.121.139.55 | SUCCESS => {
    "ansible_facts": {
        "ansible_hostname": "lixunCentos",
        "discovered_interpreter_python": "/usr/bin/python"
    },
    "changed": false
}
2024-06-06 20:29:56,921 p=24693 u=lixun n=ansible | 47.121.139.55 | SUCCESS => {
    "ansible_facts": {
        "discovered_interpreter_python": "/usr/bin/python"
    },
    "changed": false
}
2024-06-06 20:30:05,703 p=24715 u=lixun n=ansible | 47.121.139.55 | SUCCESS => {
    "ansible_facts": {
        "ansible_eth0": {
            "active": true,
            "device": "eth0",
            "features": {
                "busy_poll": "off [fixed]",
                "fcoe_mtu": "off [fixed]",
                "generic_receive_offload": "on",
                "generic_segmentation_offload": "on",
                "highdma": "on [fixed]",
                "hw_tc_offload": "off [fixed]",
                "l2_fwd_offload": "off [fixed]",
                "large_receive_offload": "off [fixed]",
                "loopback": "off [fixed]",
                "netns_local": "off [fixed]",
                "ntuple_filters": "off [fixed]",
                "receive_hashing": "off [fixed]",
                "rx_all": "off [fixed]",
                "rx_checksumming": "on [fixed]",
                "rx_fcs": "off [fixed]",
                "rx_gro_hw": "off [fixed]",
                "rx_udp_tunnel_port_offload": "off [fixed]",
                "rx_vlan_filter": "off [fixed]",
                "rx_vlan_offload": "off [fixed]",
                "rx_vlan_stag_filter": "off [fixed]",
                "rx_vlan_stag_hw_parse": "off [fixed]",
                "scatter_gather": "on",
                "tcp_segmentation_offload": "on",
                "tx_checksum_fcoe_crc": "off [fixed]",
                "tx_checksum_ip_generic": "on",
                "tx_checksum_ipv4": "off [fixed]",
                "tx_checksum_ipv6": "off [fixed]",
                "tx_checksum_sctp": "off [fixed]",
                "tx_checksumming": "on",
                "tx_fcoe_segmentation": "off [fixed]",
                "tx_gre_csum_segmentation": "off [fixed]",
                "tx_gre_segmentation": "off [fixed]",
                "tx_gso_partial": "off [fixed]",
                "tx_gso_robust": "off [fixed]",
                "tx_ipip_segmentation": "off [fixed]",
                "tx_lockless": "off [fixed]",
                "tx_nocache_copy": "off",
                "tx_scatter_gather": "on",
                "tx_scatter_gather_fraglist": "off [fixed]",
                "tx_sctp_segmentation": "off [fixed]",
                "tx_sit_segmentation": "off [fixed]",
                "tx_tcp6_segmentation": "on",
                "tx_tcp_ecn_segmentation": "on",
                "tx_tcp_mangleid_segmentation": "off",
                "tx_tcp_segmentation": "on",
                "tx_udp_tnl_csum_segmentation": "off [fixed]",
                "tx_udp_tnl_segmentation": "off [fixed]",
                "tx_vlan_offload": "off [fixed]",
                "tx_vlan_stag_hw_insert": "off [fixed]",
                "udp_fragmentation_offload": "on",
                "vlan_challenged": "off [fixed]"
            },
            "hw_timestamp_filters": [],
            "ipv4": {
                "address": "172.28.244.23",
                "broadcast": "172.28.255.255",
                "netmask": "255.255.240.0",
                "network": "172.28.240.0",
                "prefix": "20"
            },
            "ipv6": [
                {
                    "address": "fe80::216:3eff:fe0b:46ae",
                    "prefix": "64",
                    "scope": "link"
                }
            ],
            "macaddress": "00:16:3e:0b:46:ae",
            "module": "virtio_net",
            "mtu": 1500,
            "pciid": "virtio2",
            "promisc": false,
            "timestamping": [
                "rx_software",
                "software"
            ],
            "type": "ether"
        },
        "discovered_interpreter_python": "/usr/bin/python"
    },
    "changed": false
}
2024-06-06 20:30:39,779 p=24742 u=lixun n=ansible | 47.121.139.55 | SUCCESS => {
    "ansible_facts": {
        "discovered_interpreter_python": "/usr/bin/python"
    },
    "changed": false
}
2024-06-06 20:33:29,442 p=24853 u=lixun n=ansible | PLAY [me] *************************************************************************************************************************************************
2024-06-06 20:33:29,447 p=24853 u=lixun n=ansible | TASK [Gathering Facts] ************************************************************************************************************************************
2024-06-06 20:33:33,456 p=24853 u=lixun n=ansible | ok: [47.121.139.55]
2024-06-06 20:33:33,465 p=24853 u=lixun n=ansible | TASK [install httpd package] ******************************************************************************************************************************
2024-06-06 20:33:33,475 p=24853 u=lixun n=ansible | fatal: [47.121.139.55]: FAILED! => {"msg": "The task includes an option with an undefined variable. The error was: 'pkgname' is undefined. 'pkgname' is undefined\n\nThe error appears to be in '/Users/lixun/ansible/httpd_init.yaml': line 6, column 7, but may\nbe elsewhere in the file depending on the exact syntax problem.\n\nThe offending line appears to be:\n\n  tasks:\n    - name: install httpd package\n      ^ here\n"}
2024-06-06 20:33:33,475 p=24853 u=lixun n=ansible | PLAY RECAP ************************************************************************************************************************************************
2024-06-06 20:33:33,475 p=24853 u=lixun n=ansible | 47.121.139.55              : ok=1    changed=0    unreachable=0    failed=1    skipped=0    rescued=0    ignored=0   
2024-06-06 20:33:58,314 p=24893 u=lixun n=ansible | PLAY [me] *************************************************************************************************************************************************
2024-06-06 20:33:58,317 p=24893 u=lixun n=ansible | TASK [Gathering Facts] ************************************************************************************************************************************
2024-06-06 20:34:01,637 p=24893 u=lixun n=ansible | ok: [47.121.139.55]
2024-06-06 20:34:01,649 p=24893 u=lixun n=ansible | TASK [install httpd package] ******************************************************************************************************************************
2024-06-06 20:34:03,420 p=24893 u=lixun n=ansible | ok: [47.121.139.55]
2024-06-06 20:34:03,427 p=24893 u=lixun n=ansible | TASK [start service] **************************************************************************************************************************************
2024-06-06 20:34:05,372 p=24893 u=lixun n=ansible | ok: [47.121.139.55]
2024-06-06 20:34:05,386 p=24893 u=lixun n=ansible | PLAY RECAP ************************************************************************************************************************************************
2024-06-06 20:34:05,386 p=24893 u=lixun n=ansible | 47.121.139.55              : ok=3    changed=0    unreachable=0    failed=0    skipped=0    rescued=0    ignored=0   
2024-06-06 20:34:11,436 p=24931 u=lixun n=ansible | PLAY [me] *************************************************************************************************************************************************
2024-06-06 20:34:11,439 p=24931 u=lixun n=ansible | TASK [Gathering Facts] ************************************************************************************************************************************
2024-06-06 20:34:14,887 p=24931 u=lixun n=ansible | ok: [47.121.139.55]
2024-06-06 20:34:14,892 p=24931 u=lixun n=ansible | TASK [install httpd package] ******************************************************************************************************************************
2024-06-06 20:34:16,626 p=24931 u=lixun n=ansible | ok: [47.121.139.55]
2024-06-06 20:34:16,629 p=24931 u=lixun n=ansible | TASK [start service] **************************************************************************************************************************************
2024-06-06 20:34:18,484 p=24931 u=lixun n=ansible | ok: [47.121.139.55]
2024-06-06 20:34:18,501 p=24931 u=lixun n=ansible | PLAY RECAP ************************************************************************************************************************************************
2024-06-06 20:34:18,502 p=24931 u=lixun n=ansible | 47.121.139.55              : ok=3    changed=0    unreachable=0    failed=0    skipped=0    rescued=0    ignored=0   
2024-06-06 20:34:52,701 p=24991 u=lixun n=ansible | 47.121.139.55 | CHANGED | rc=0 >>
LISTEN     0      128       [::]:8080                  [::]:*                  

2024-06-06 20:35:00,402 p=25016 u=lixun n=ansible | 47.121.139.55 | CHANGED | rc=0 | (stdout) LISTEN     0      128       [::]:8080                  [::]:*                  
2024-06-06 20:36:38,390 p=25042 u=lixun n=ansible | PLAY [me] *************************************************************************************************************************************************
2024-06-06 20:36:38,393 p=25042 u=lixun n=ansible | TASK [Gathering Facts] ************************************************************************************************************************************
2024-06-06 20:36:42,355 p=25042 u=lixun n=ansible | ok: [47.121.139.55]
2024-06-06 20:36:42,366 p=25042 u=lixun n=ansible | TASK [install vsftpd package] *****************************************************************************************************************************
2024-06-06 20:36:55,879 p=25042 u=lixun n=ansible | changed: [47.121.139.55]
2024-06-06 20:36:55,887 p=25042 u=lixun n=ansible | TASK [start service] **************************************************************************************************************************************
2024-06-06 20:36:58,111 p=25042 u=lixun n=ansible | changed: [47.121.139.55]
2024-06-06 20:36:58,131 p=25042 u=lixun n=ansible | PLAY RECAP ************************************************************************************************************************************************
2024-06-06 20:36:58,131 p=25042 u=lixun n=ansible | 47.121.139.55              : ok=3    changed=2    unreachable=0    failed=0    skipped=0    rescued=0    ignored=0   
2024-06-06 20:37:07,550 p=25095 u=lixun n=ansible | PLAY [me] *************************************************************************************************************************************************
2024-06-06 20:37:07,554 p=25095 u=lixun n=ansible | TASK [Gathering Facts] ************************************************************************************************************************************
2024-06-06 20:37:11,125 p=25095 u=lixun n=ansible | ok: [47.121.139.55]
2024-06-06 20:37:11,132 p=25095 u=lixun n=ansible | TASK [install vsftpd,redis package] ***********************************************************************************************************************
2024-06-06 20:37:16,736 p=25095 u=lixun n=ansible | changed: [47.121.139.55]
2024-06-06 20:37:16,743 p=25095 u=lixun n=ansible | TASK [start service] **************************************************************************************************************************************
2024-06-06 20:37:18,815 p=25095 u=lixun n=ansible | fatal: [47.121.139.55]: FAILED! => {"changed": false, "msg": "Could not find the requested service vsftpd,redis: host"}
2024-06-06 20:37:18,815 p=25095 u=lixun n=ansible | PLAY RECAP ************************************************************************************************************************************************
2024-06-06 20:37:18,816 p=25095 u=lixun n=ansible | 47.121.139.55              : ok=2    changed=1    unreachable=0    failed=1    skipped=0    rescued=0    ignored=0   
2024-06-06 20:41:33,881 p=25320 u=lixun n=ansible | [DEPRECATION WARNING]: Specifying a list of dictionaries for vars is deprecated in favor of specifying a dictionary. This feature will be removed in 
version 2.18. Deprecation warnings can be disabled by setting deprecation_warnings=False in ansible.cfg.
2024-06-06 20:41:33,901 p=25320 u=lixun n=ansible | PLAY [me] *************************************************************************************************************************************************
2024-06-06 20:41:33,904 p=25320 u=lixun n=ansible | TASK [Gathering Facts] ************************************************************************************************************************************
2024-06-06 20:41:37,886 p=25320 u=lixun n=ansible | ok: [47.121.139.55]
2024-06-06 20:41:37,897 p=25320 u=lixun n=ansible | TASK [install httpd package] ******************************************************************************************************************************
2024-06-06 20:41:39,791 p=25320 u=lixun n=ansible | ok: [47.121.139.55]
2024-06-06 20:41:39,798 p=25320 u=lixun n=ansible | TASK [install vsftpd package] *****************************************************************************************************************************
2024-06-06 20:41:41,721 p=25320 u=lixun n=ansible | ok: [47.121.139.55]
2024-06-06 20:41:41,727 p=25320 u=lixun n=ansible | TASK [start service] **************************************************************************************************************************************
2024-06-06 20:41:41,743 p=25320 u=lixun n=ansible | fatal: [47.121.139.55]: FAILED! => {"msg": "The task includes an option with an undefined variable. The error was: 'pkgname' is undefined. 'pkgname' is undefined\n\nThe error appears to be in '/Users/lixun/ansible/httpd_init.yaml': line 14, column 7, but may\nbe elsewhere in the file depending on the exact syntax problem.\n\nThe offending line appears to be:\n\n      yum: name={{ pkname2 }}\n    - name: start service\n      ^ here\n"}
2024-06-06 20:41:41,744 p=25320 u=lixun n=ansible | PLAY RECAP ************************************************************************************************************************************************
2024-06-06 20:41:41,744 p=25320 u=lixun n=ansible | 47.121.139.55              : ok=3    changed=0    unreachable=0    failed=1    skipped=0    rescued=0    ignored=0   
2024-06-06 20:46:23,716 p=25571 u=lixun n=ansible | PLAY [me] *************************************************************************************************************************************************
2024-06-06 20:46:23,721 p=25571 u=lixun n=ansible | TASK [Gathering Facts] ************************************************************************************************************************************
2024-06-06 20:46:27,741 p=25571 u=lixun n=ansible | ok: [47.121.139.55]
2024-06-06 20:46:27,748 p=25571 u=lixun n=ansible | TASK [set hostname] ***************************************************************************************************************************************
2024-06-06 20:46:29,597 p=25571 u=lixun n=ansible | changed: [47.121.139.55]
2024-06-06 20:46:29,610 p=25571 u=lixun n=ansible | PLAY RECAP ************************************************************************************************************************************************
2024-06-06 20:46:29,610 p=25571 u=lixun n=ansible | 47.121.139.55              : ok=2    changed=1    unreachable=0    failed=0    skipped=0    rescued=0    ignored=0   
2024-06-06 20:46:57,684 p=25620 u=lixun n=ansible | PLAY [me] *************************************************************************************************************************************************
2024-06-06 20:46:57,688 p=25620 u=lixun n=ansible | TASK [Gathering Facts] ************************************************************************************************************************************
2024-06-06 20:47:00,857 p=25620 u=lixun n=ansible | ok: [47.121.139.55]
2024-06-06 20:47:00,863 p=25620 u=lixun n=ansible | TASK [set hostname] ***************************************************************************************************************************************
2024-06-06 20:47:02,879 p=25620 u=lixun n=ansible | fatal: [47.121.139.55]: FAILED! => {"changed": false, "msg": "Command failed rc=1, out=, err=Could not set property: Invalid hostname 'www.{host_name}.lixun.com'\n"}
2024-06-06 20:47:02,880 p=25620 u=lixun n=ansible | PLAY RECAP ************************************************************************************************************************************************
2024-06-06 20:47:02,880 p=25620 u=lixun n=ansible | 47.121.139.55              : ok=1    changed=0    unreachable=0    failed=1    skipped=0    rescued=0    ignored=0   
2024-06-06 20:47:29,153 p=25673 u=lixun n=ansible | PLAY [me] *************************************************************************************************************************************************
2024-06-06 20:47:29,155 p=25673 u=lixun n=ansible | TASK [Gathering Facts] ************************************************************************************************************************************
2024-06-06 20:47:33,923 p=25673 u=lixun n=ansible | ok: [47.121.139.55]
2024-06-06 20:47:33,929 p=25673 u=lixun n=ansible | TASK [set hostname] ***************************************************************************************************************************************
2024-06-06 20:47:35,952 p=25673 u=lixun n=ansible | changed: [47.121.139.55]
2024-06-06 20:47:35,968 p=25673 u=lixun n=ansible | PLAY RECAP ************************************************************************************************************************************************
2024-06-06 20:47:35,968 p=25673 u=lixun n=ansible | 47.121.139.55              : ok=2    changed=1    unreachable=0    failed=0    skipped=0    rescued=0    ignored=0   
2024-06-06 20:47:51,283 p=25715 u=lixun n=ansible | 47.121.139.55 | CHANGED | rc=0 >>
www.lixun1.lixun.com

